<?xml version="1.0" encoding="UTF-8"?>
<!-- Generated by org.testng.reporters.JUnitReportReporter -->
<testsuite hostname="DESKTOP-MVIO5TL" failures="0" tests="1" name="Amazon_Test.TestCae5" time="6.353" errors="0" timestamp="2023-10-14T21:17:45 IST" skipped="0">
  <testcase classname="Amazon_Test.TestCae5" name="login_amazonapplication" time="6.353"/>
</testsuite> <!-- Amazon_Test.TestCae5 -->
