<?xml version="1.0" encoding="UTF-8"?>
<!-- Generated by org.testng.reporters.JUnitReportReporter -->
<testsuite hostname="DESKTOP-MVIO5TL" failures="0" tests="1" name="Amazon_Test.TestCase6" time="9.088" errors="0" timestamp="2023-10-24T12:55:46 IST" skipped="0">
  <testcase classname="Amazon_Test.TestCase6" name="scenario1" time="9.088"/>
</testsuite> <!-- Amazon_Test.TestCase6 -->
