<?xml version="1.0" encoding="UTF-8"?>
<!-- Generated by org.testng.reporters.JUnitReportReporter -->
<testsuite hostname="DESKTOP-MVIO5TL" failures="0" tests="1" name="Amazon_Test.TestCae3" time="13.315" errors="0" timestamp="2023-10-18T23:54:02 IST" skipped="0">
  <testcase classname="Amazon_Test.TestCae3" name="login_amazonapplication" time="13.315"/>
</testsuite> <!-- Amazon_Test.TestCae3 -->
