<?xml version="1.0" encoding="UTF-8"?>
<!-- Generated by org.testng.reporters.JUnitReportReporter -->
<testsuite hostname="DESKTOP-MVIO5TL" failures="0" tests="1" name="Amazon_Test.TestCase8" time="7.899" errors="0" timestamp="2023-10-24T14:03:47 IST" skipped="0">
  <testcase classname="Amazon_Test.TestCase8" name="scenario1" time="7.899"/>
</testsuite> <!-- Amazon_Test.TestCase8 -->
