<?xml version="1.0" encoding="UTF-8"?>
<!-- Generated by org.testng.reporters.JUnitReportReporter -->
<testsuite hostname="DESKTOP-MVIO5TL" failures="0" tests="1" name="Amazon_Test.TestCae4" time="20.781" errors="0" timestamp="2023-10-19T08:55:22 IST" skipped="0">
  <testcase classname="Amazon_Test.TestCae4" name="login_amazonapplication" time="20.781"/>
</testsuite> <!-- Amazon_Test.TestCae4 -->
