<?xml version="1.0" encoding="UTF-8"?>
<!-- Generated by org.testng.reporters.JUnitReportReporter -->
<testsuite hostname="DESKTOP-MVIO5TL" failures="0" tests="1" name="Amazon_Test.class1" time="1.251" errors="0" timestamp="2023-10-24T01:02:47 IST" skipped="0">
  <testcase classname="Amazon_Test.class1" name="DTDMethod" time="1.251"/>
</testsuite> <!-- Amazon_Test.class1 -->
