<?xml version="1.0" encoding="UTF-8"?>
<!-- Generated by org.testng.reporters.JUnitReportReporter -->
<testsuite hostname="DESKTOP-MVIO5TL" failures="0" tests="1" name="PaymentOption.DTDGetuid" time="0.737" errors="0" timestamp="2023-10-28T23:36:25 IST" skipped="0">
  <testcase classname="PaymentOption.DTDGetuid" name="getcredentials" time="0.737"/>
  <system-out/>
</testsuite> <!-- PaymentOption.DTDGetuid -->
