<?xml version="1.0" encoding="UTF-8"?>
<!-- Generated by org.testng.reporters.JUnitReportReporter -->
<testsuite hostname="DESKTOP-MVIO5TL" failures="0" tests="1" name="PaymentOption.CreditCardPayment" time="29.843" errors="0" timestamp="2023-10-31T00:31:04 IST" skipped="0">
  <testcase classname="PaymentOption.CreditCardPayment" name="Payment" time="29.843"/>
  <system-out/>
</testsuite> <!-- PaymentOption.CreditCardPayment -->
