<?xml version="1.0" encoding="UTF-8"?>
<!-- Generated by org.testng.reporters.JUnitReportReporter -->
<testsuite hostname="DESKTOP-MVIO5TL" failures="0" tests="1" name="Selenium.GroTechmindClass.URL_Class" time="0.019" errors="0" timestamp="2023-10-19T21:48:54 IST" skipped="0">
  <testcase classname="Selenium.GroTechmindClass.URL_Class" name="method1" time="0.019"/>
  <system-out/>
</testsuite> <!-- Selenium.GroTechmindClass.URL_Class -->
