<?xml version="1.0" encoding="UTF-8"?>
<!-- Generated by org.testng.reporters.JUnitReportReporter -->
<testsuite hostname="DESKTOP-MVIO5TL" failures="0" tests="1" name="Selenium.GroTechmindClass.JavaScriptExec" time="7.755" errors="0" timestamp="2023-10-26T00:13:32 IST" skipped="0">
  <testcase classname="Selenium.GroTechmindClass.JavaScriptExec" name="scenario1" time="7.755"/>
  <system-out/>
</testsuite> <!-- Selenium.GroTechmindClass.JavaScriptExec -->
