<?xml version="1.0" encoding="UTF-8"?>
<!-- Generated by org.testng.reporters.JUnitReportReporter -->
<testsuite hostname="DESKTOP-MVIO5TL" failures="0" tests="1" name="Selenium.GroTechmindClass.AmazonLinks" time="189.176" errors="0" timestamp="2023-10-24T20:22:32 IST" skipped="0">
  <testcase classname="Selenium.GroTechmindClass.AmazonLinks" name="scenario" time="189.176"/>
  <system-out/>
</testsuite> <!-- Selenium.GroTechmindClass.AmazonLinks -->
