<?xml version="1.0" encoding="UTF-8"?>
<!-- Generated by org.testng.reporters.JUnitReportReporter -->
<testsuite hostname="DESKTOP-MVIO5TL" failures="0" tests="1" name="Selenium.GroTechmindClass.FirstTestNG" time="0.011" errors="0" timestamp="2023-10-18T22:32:27 IST" skipped="0">
  <testcase classname="Selenium.GroTechmindClass.FirstTestNG" name="scenario1" time="0.011"/>
  <system-out>
    <![CDATA[First program]]>
  </system-out>
</testsuite> <!-- Selenium.GroTechmindClass.FirstTestNG -->
