<?xml version="1.0" encoding="UTF-8"?>
<!-- Generated by org.testng.reporters.JUnitReportReporter -->
<testsuite hostname="DESKTOP-MVIO5TL" failures="0" tests="1" name="Selenium.GroTechmindClass.AmazonLimksCount" time="66.881" errors="0" timestamp="2023-10-24T20:42:27 IST" skipped="0">
  <testcase classname="Selenium.GroTechmindClass.AmazonLimksCount" name="scenario1" time="66.881"/>
  <system-out/>
</testsuite> <!-- Selenium.GroTechmindClass.AmazonLimksCount -->
