<?xml version="1.0" encoding="UTF-8"?>
<!-- Generated by org.testng.reporters.JUnitReportReporter -->
<testsuite hostname="DESKTOP-MVIO5TL" failures="0" tests="1" name="PaymentOption.Gtuid" time="1.501" errors="0" timestamp="2023-10-31T23:15:58 IST" skipped="0">
  <testcase classname="PaymentOption.Gtuid" name="scenario1" time="1.501"/>
  <system-out/>
</testsuite> <!-- PaymentOption.Gtuid -->
