<?xml version="1.0" encoding="UTF-8"?>
<!-- Generated by org.testng.reporters.JUnitReportReporter -->
<testsuite hostname="DESKTOP-MVIO5TL" failures="0" tests="1" name="Annotations.Google_Launch" time="6.874" errors="0" timestamp="2023-09-11T22:12:52 IST" skipped="0">
  <testcase classname="Annotations.Google_Launch" name="testcase1" time="6.874"/>
</testsuite> <!-- Annotations.Google_Launch -->
