<?xml version="1.0" encoding="UTF-8"?>
<!-- Generated by org.testng.reporters.JUnitReportReporter -->
<testsuite hostname="DESKTOP-MVIO5TL" failures="0" tests="1" name="MultipleTest.TestCase1" time="34.323" errors="0" timestamp="2023-09-16T00:00:16 IST" skipped="0">
  <testcase classname="MultipleTest.TestCase1" name="Test1" time="34.323"/>
</testsuite> <!-- MultipleTest.TestCase1 -->
