<?xml version="1.0" encoding="UTF-8"?>
<!-- Generated by org.testng.reporters.JUnitReportReporter -->
<testsuite hostname="DESKTOP-MVIO5TL" failures="0" tests="1" name="TakeScreenshotgetclass.Korea" time="20.748" errors="0" timestamp="2023-09-16T16:29:33 IST" skipped="0">
  <testcase classname="TakeScreenshotgetclass.Korea" name="Scenario4" time="20.748"/>
</testsuite> <!-- TakeScreenshotgetclass.Korea -->
