<?xml version="1.0" encoding="UTF-8"?>
<!-- Generated by org.testng.reporters.JUnitReportReporter -->
<testsuite hostname="DESKTOP-MVIO5TL" failures="0" tests="10" name="DataProviders.Grotechmind" time="102.749" errors="0" timestamp="2023-10-17T22:02:36 IST" skipped="0">
  <testcase classname="DataProviders.Grotechmind" name="test1" time="6.276"/>
  <testcase classname="DataProviders.Grotechmind" name="test1" time="5.980"/>
  <testcase classname="DataProviders.Grotechmind" name="test1" time="11.514"/>
  <testcase classname="DataProviders.Grotechmind" name="test1" time="17.205"/>
  <testcase classname="DataProviders.Grotechmind" name="test1" time="6.997"/>
  <testcase classname="DataProviders.Grotechmind" name="test1" time="8.880"/>
  <testcase classname="DataProviders.Grotechmind" name="test1" time="12.391"/>
  <testcase classname="DataProviders.Grotechmind" name="test1" time="8.987"/>
  <testcase classname="DataProviders.Grotechmind" name="test1" time="10.564"/>
  <testcase classname="DataProviders.Grotechmind" name="test1" time="13.955"/>
</testsuite> <!-- DataProviders.Grotechmind -->
