<?xml version="1.0" encoding="UTF-8"?>
<!-- Generated by org.testng.reporters.JUnitReportReporter -->
<testsuite hostname="DESKTOP-MVIO5TL" failures="0" tests="1" name="TestNG.Math_Class" time="0.008" errors="0" timestamp="2023-11-03T00:08:15 IST" skipped="0">
  <testcase classname="TestNG.Math_Class" name="scenario1" time="0.008"/>
</testsuite> <!-- TestNG.Math_Class -->
