<?xml version="1.0" encoding="UTF-8"?>
<!-- Generated by org.testng.reporters.JUnitReportReporter -->
<testsuite hostname="DESKTOP-MVIO5TL" failures="0" tests="1" name="TakeScreenshotgetclass.Japan" time="19.799" errors="0" timestamp="2023-09-16T16:29:33 IST" skipped="0">
  <testcase classname="TakeScreenshotgetclass.Japan" name="Scenario4" time="19.799"/>
</testsuite> <!-- TakeScreenshotgetclass.Japan -->
