<?xml version="1.0" encoding="UTF-8"?>
<!-- Generated by org.testng.reporters.JUnitReportReporter -->
<testsuite hostname="DESKTOP-MVIO5TL" failures="0" tests="12" name="TestNGPriority.InvocationLogic" time="0.037" errors="0" timestamp="2023-09-17T16:26:27 IST" skipped="0">
  <testcase classname="TestNGPriority.InvocationLogic" name="scenario2" time="0.001"/>
  <testcase classname="TestNGPriority.InvocationLogic" name="scenario2" time="0.005"/>
  <testcase classname="TestNGPriority.InvocationLogic" name="scenario2" time="0.002"/>
  <testcase classname="TestNGPriority.InvocationLogic" name="scenario3" time="0.001"/>
  <testcase classname="TestNGPriority.InvocationLogic" name="scenario2" time="0.002"/>
  <testcase classname="TestNGPriority.InvocationLogic" name="scenario2" time="0.001"/>
  <testcase classname="TestNGPriority.InvocationLogic" name="scenario2" time="0.005"/>
  <testcase classname="TestNGPriority.InvocationLogic" name="scenario2" time="0.001"/>
  <testcase classname="TestNGPriority.InvocationLogic" name="scenario1" time="0.008"/>
  <testcase classname="TestNGPriority.InvocationLogic" name="scenario2" time="0.001"/>
  <testcase classname="TestNGPriority.InvocationLogic" name="scenario2" time="0.006"/>
  <testcase classname="TestNGPriority.InvocationLogic" name="scenario2" time="0.004"/>
</testsuite> <!-- TestNGPriority.InvocationLogic -->
