<?xml version="1.0" encoding="UTF-8"?>
<!-- Generated by org.testng.reporters.JUnitReportReporter -->
<testsuite hostname="DESKTOP-MVIO5TL" failures="0" tests="1" name="multipletestcase2.Scenario3" time="31.166" errors="0" timestamp="2023-09-18T00:48:37 IST" skipped="0">
  <testcase classname="multipletestcase2.Scenario3" name="UPI" time="31.166"/>
</testsuite> <!-- multipletestcase2.Scenario3 -->
