<?xml version="1.0" encoding="UTF-8"?>
<!-- Generated by org.testng.reporters.JUnitReportReporter -->
<testsuite hostname="DESKTOP-MVIO5TL" failures="0" tests="1" name="MultipleTest.NetBanking" time="54.225" errors="0" timestamp="2023-09-18T00:13:03 IST" skipped="0">
  <testcase classname="MultipleTest.NetBanking" name="Test1" time="54.225"/>
</testsuite> <!-- MultipleTest.NetBanking -->
