<?xml version="1.0" encoding="UTF-8"?>
<!-- Generated by org.testng.reporters.JUnitReportReporter -->
<testsuite hostname="DESKTOP-MVIO5TL" failures="0" tests="1" name="MultipleTest.TestCase4" time="40.949" errors="0" timestamp="2023-09-16T01:33:14 IST" skipped="0">
  <testcase classname="MultipleTest.TestCase4" name="Test1" time="40.949"/>
</testsuite> <!-- MultipleTest.TestCase4 -->
