<?xml version="1.0" encoding="UTF-8"?>
<!-- Generated by org.testng.reporters.JUnitReportReporter -->
<testsuite hostname="DESKTOP-MVIO5TL" failures="0" tests="1" name="DTDFramework.GetClick" time="13.395" errors="0" timestamp="2023-09-21T00:42:07 IST" skipped="0">
  <testcase classname="DTDFramework.GetClick" name="click" time="13.395"/>
</testsuite> <!-- DTDFramework.GetClick -->
