<?xml version="1.0" encoding="UTF-8"?>
<!-- Generated by org.testng.reporters.JUnitReportReporter -->
<testsuite hostname="DESKTOP-MVIO5TL" failures="0" tests="1" name="ImplicitExplicitwait.CSSAmazon" time="6.350" errors="0" timestamp="2023-11-03T00:58:49 IST" skipped="0">
  <testcase classname="ImplicitExplicitwait.CSSAmazon" name="sc1" time="6.350"/>
</testsuite> <!-- ImplicitExplicitwait.CSSAmazon -->
