<?xml version="1.0" encoding="UTF-8"?>
<!-- Generated by org.testng.reporters.JUnitReportReporter -->
<testsuite hostname="DESKTOP-MVIO5TL" failures="0" tests="1" name="Annotations.GoogleLaunch" time="9.161" errors="0" timestamp="2023-09-17T17:00:41 IST" skipped="0">
  <testcase classname="Annotations.GoogleLaunch" name="testcase1" time="9.161"/>
</testsuite> <!-- Annotations.GoogleLaunch -->
