<?xml version="1.0" encoding="UTF-8"?>
<!-- Generated by org.testng.reporters.JUnitReportReporter -->
<testsuite hostname="DESKTOP-MVIO5TL" failures="0" tests="1" name="DTDFramework.PaymentMethod" time="46.109" errors="0" timestamp="2023-10-27T22:08:53 IST" skipped="0">
  <testcase classname="DTDFramework.PaymentMethod" name="AmazonCreditCard" time="46.109"/>
</testsuite> <!-- DTDFramework.PaymentMethod -->
