<?xml version="1.0" encoding="UTF-8"?>
<!-- Generated by org.testng.reporters.JUnitReportReporter -->
<testsuite hostname="DESKTOP-MVIO5TL" failures="0" tests="3" name="ParallelandCrossTesting.Crossbrownergoogle" time="19.521" errors="0" timestamp="2023-11-15T23:43:48 IST" skipped="0">
  <testcase classname="ParallelandCrossTesting.Crossbrownergoogle" name="scenario1" time="4.785"/>
  <testcase classname="ParallelandCrossTesting.Crossbrownergoogle" name="scenario1" time="6.420"/>
  <testcase classname="ParallelandCrossTesting.Crossbrownergoogle" name="scenario1" time="8.316"/>
</testsuite> <!-- ParallelandCrossTesting.Crossbrownergoogle -->
