<?xml version="1.0" encoding="UTF-8"?>
<!-- Generated by org.testng.reporters.JUnitReportReporter -->
<testsuite hostname="DESKTOP-MVIO5TL" failures="0" tests="1" name="TakeScreenShots.China" time="28.413" errors="0" timestamp="2023-09-15T22:56:41 IST" skipped="0">
  <testcase classname="TakeScreenShots.China" name="Scenario2" time="28.413"/>
</testsuite> <!-- TakeScreenShots.China -->
