<?xml version="1.0" encoding="UTF-8"?>
<!-- Generated by org.testng.reporters.JUnitReportReporter -->
<testsuite hostname="DESKTOP-MVIO5TL" failures="0" tests="1" name="TestNG.Template" time="0.024" errors="0" timestamp="2023-09-07T22:08:59 IST" skipped="0">
  <testcase classname="TestNG.Template" name="Test1" time="0.024"/>
</testsuite> <!-- TestNG.Template -->
