<?xml version="1.0" encoding="UTF-8"?>
<!-- Generated by org.testng.reporters.JUnitReportReporter -->
<testsuite hostname="DESKTOP-MVIO5TL" failures="0" tests="1" name="Priintoptions.Amazondropdown1" time="6.739" errors="0" timestamp="2023-11-20T23:41:25 IST" skipped="0">
  <testcase classname="Priintoptions.Amazondropdown1" name="scenario1" time="6.739"/>
</testsuite> <!-- Priintoptions.Amazondropdown1 -->
