<?xml version="1.0" encoding="UTF-8"?>
<!-- Generated by org.testng.reporters.JUnitReportReporter -->
<testsuite hostname="DESKTOP-MVIO5TL" failures="0" tests="5" name="Annotations.GoogleLaunchCountry" time="43.621" errors="0" timestamp="2023-09-17T17:27:30 IST" skipped="0">
  <testcase classname="Annotations.GoogleLaunchCountry" name="India" time="7.171"/>
  <testcase classname="Annotations.GoogleLaunchCountry" name="Italy" time="11.669"/>
  <testcase classname="Annotations.GoogleLaunchCountry" name="Norway" time="9.247"/>
  <testcase classname="Annotations.GoogleLaunchCountry" name="Canada" time="7.946"/>
  <testcase classname="Annotations.GoogleLaunchCountry" name="UnitedStates" time="7.588"/>
</testsuite> <!-- Annotations.GoogleLaunchCountry -->
