<?xml version="1.0" encoding="UTF-8"?>
<!-- Generated by org.testng.reporters.JUnitReportReporter -->
<testsuite hostname="DESKTOP-MVIO5TL" failures="0" tests="1" name="Priintoptions.AmazonLinks" time="15.506" errors="0" timestamp="2023-10-04T00:22:39 IST" skipped="0">
  <testcase classname="Priintoptions.AmazonLinks" name="scenario" time="15.506"/>
</testsuite> <!-- Priintoptions.AmazonLinks -->
