<?xml version="1.0" encoding="UTF-8"?>
<!-- Generated by org.testng.reporters.JUnitReportReporter -->
<testsuite hostname="DESKTOP-MVIO5TL" failures="0" tests="1" name="TestNGListners1.TestCase1" time="10.022" errors="0" timestamp="2023-11-14T17:21:31 IST" skipped="0">
  <testcase classname="TestNGListners1.TestCase1" name="scenarios1" time="10.022">
    <system-out>
      <![CDATA[My Test has Started]]>
    </system-out>
  </testcase> <!-- scenarios1 -->
  <system-out>
    <![CDATA[My Test has Started]]>
  </system-out>
</testsuite> <!-- TestNGListners1.TestCase1 -->
