<?xml version="1.0" encoding="UTF-8"?>
<!-- Generated by org.testng.reporters.JUnitReportReporter -->
<testsuite hostname="DESKTOP-MVIO5TL" failures="0" tests="1" name="Priintoptions.Autosprint" time="13.712" errors="0" timestamp="2023-11-20T00:03:57 IST" skipped="0">
  <testcase classname="Priintoptions.Autosprint" name="scenario1" time="13.712"/>
</testsuite> <!-- Priintoptions.Autosprint -->
