<?xml version="1.0" encoding="UTF-8"?>
<!-- Generated by org.testng.reporters.JUnitReportReporter -->
<testsuite hostname="DESKTOP-MVIO5TL" failures="0" tests="1" name="Priintoptions.Amazondropdown" time="9.845" errors="0" timestamp="2023-10-04T00:32:10 IST" skipped="0">
  <testcase classname="Priintoptions.Amazondropdown" name="scenario1" time="9.845"/>
</testsuite> <!-- Priintoptions.Amazondropdown -->
