<?xml version="1.0" encoding="UTF-8"?>
<!-- Generated by org.testng.reporters.JUnitReportReporter -->
<testsuite hostname="DESKTOP-MVIO5TL" failures="0" tests="4" name="TestNGPriority.PriorityLogic" time="0.016" errors="0" timestamp="2023-09-17T16:17:42 IST" skipped="0">
  <testcase classname="TestNGPriority.PriorityLogic" name="scenario2" time="0.008"/>
  <testcase classname="TestNGPriority.PriorityLogic" name="scenario1" time="0.002"/>
  <testcase classname="TestNGPriority.PriorityLogic" name="scenario4" time="0.003"/>
  <testcase classname="TestNGPriority.PriorityLogic" name="scenario3" time="0.003"/>
</testsuite> <!-- TestNGPriority.PriorityLogic -->
