<?xml version="1.0" encoding="UTF-8"?>
<!-- Generated by org.testng.reporters.JUnitReportReporter -->
<testsuite hostname="DESKTOP-MVIO5TL" failures="0" tests="1" name="Assretion_Logic.AssertionExample1" time="21.943" errors="0" timestamp="2023-10-12T22:25:06 IST" skipped="0">
  <testcase classname="Assretion_Logic.AssertionExample1" name="scenario1" time="21.943"/>
</testsuite> <!-- Assretion_Logic.AssertionExample1 -->
