<?xml version="1.0" encoding="UTF-8"?>
<!-- Generated by org.testng.reporters.JUnitReportReporter -->
<testsuite hostname="DESKTOP-MVIO5TL" failures="0" tests="1" name="TakeScreenshotgetclass.America" time="21.169" errors="0" timestamp="2023-09-16T12:59:06 IST" skipped="0">
  <testcase classname="TakeScreenshotgetclass.America" name="Scenario1" time="21.169"/>
</testsuite> <!-- TakeScreenshotgetclass.America -->
