<?xml version="1.0" encoding="UTF-8"?>
<!-- Generated by org.testng.reporters.JUnitReportReporter -->
<testsuite hostname="DESKTOP-MVIO5TL" failures="0" tests="1" name="ImplicitExplicitwait.Google" time="5.345" errors="0" timestamp="2023-11-10T20:22:46 IST" skipped="0">
  <testcase classname="ImplicitExplicitwait.Google" name="sc1" time="5.345"/>
</testsuite> <!-- ImplicitExplicitwait.Google -->
