<?xml version="1.0" encoding="UTF-8"?>
<!-- Generated by org.testng.reporters.JUnitReportReporter -->
<testsuite hostname="DESKTOP-MVIO5TL" failures="0" tests="1" name="Priintoptions.AmazonLinks1" time="16.629" errors="0" timestamp="2023-11-20T23:30:30 IST" skipped="0">
  <testcase classname="Priintoptions.AmazonLinks1" name="scenario" time="16.629"/>
</testsuite> <!-- Priintoptions.AmazonLinks1 -->
