<?xml version="1.0" encoding="UTF-8"?>
<!-- Generated by org.testng.reporters.JUnitReportReporter -->
<testsuite hostname="DESKTOP-MVIO5TL" failures="0" tests="1" name="multipletestcase2.Scenario1" time="36.084" errors="0" timestamp="2023-10-19T00:31:09 IST" skipped="0">
  <testcase classname="multipletestcase2.Scenario1" name="Creditcard" time="36.084"/>
</testsuite> <!-- multipletestcase2.Scenario1 -->
