<?xml version="1.0" encoding="UTF-8"?>
<!-- Generated by org.testng.reporters.JUnitReportReporter -->
<testsuite hostname="DESKTOP-MVIO5TL" failures="0" tests="1" name="MultipleTest.UPI" time="40.567" errors="0" timestamp="2023-09-17T15:48:06 IST" skipped="0">
  <testcase classname="MultipleTest.UPI" name="Test1" time="40.567"/>
</testsuite> <!-- MultipleTest.UPI -->
