<?xml version="1.0" encoding="UTF-8"?>
<!-- Generated by org.testng.reporters.JUnitReportReporter -->
<testsuite hostname="DESKTOP-MVIO5TL" failures="0" tests="2" name="CrossbrowesrTesting.AssignmentParallelTestingNetbanking" time="118.806" errors="0" timestamp="2023-10-02T19:40:16 IST" skipped="0">
  <testcase classname="CrossbrowesrTesting.AssignmentParallelTestingNetbanking" name="CreditCard" time="59.520"/>
  <testcase classname="CrossbrowesrTesting.AssignmentParallelTestingNetbanking" name="CreditCard" time="59.286"/>
</testsuite> <!-- CrossbrowesrTesting.AssignmentParallelTestingNetbanking -->
