<?xml version="1.0" encoding="UTF-8"?>
<!-- Generated by org.testng.reporters.JUnitReportReporter -->
<testsuite hostname="DESKTOP-MVIO5TL" failures="0" tests="1" name="TestNG.TakeScreenshots" time="48.953" errors="0" timestamp="2023-09-15T22:15:17 IST" skipped="0">
  <testcase classname="TestNG.TakeScreenshots" name="Scenario1" time="48.953"/>
</testsuite> <!-- TestNG.TakeScreenshots -->
