<?xml version="1.0" encoding="UTF-8"?>
<!-- Generated by org.testng.reporters.JUnitReportReporter -->
<testsuite hostname="DESKTOP-MVIO5TL" failures="0" tests="1" name="TestNGListners.GoogleLogin" time="5.027" errors="0" timestamp="2023-11-14T15:24:40 IST" skipped="0">
  <testcase classname="TestNGListners.GoogleLogin" name="login" time="5.027">
    <system-out>
      <![CDATA[Testing is starting]]>
    </system-out>
  </testcase> <!-- login -->
  <system-out>
    <![CDATA[Testing is starting]]>
  </system-out>
</testsuite> <!-- TestNGListners.GoogleLogin -->
