<?xml version="1.0" encoding="UTF-8"?>
<!-- Generated by org.testng.reporters.JUnitReportReporter -->
<testsuite hostname="DESKTOP-MVIO5TL" failures="0" tests="1" name="Autosuggestions.Website" time="42.708" errors="0" timestamp="2023-10-03T21:40:30 IST" skipped="0">
  <testcase classname="Autosuggestions.Website" name="scenario" time="42.708"/>
</testsuite> <!-- Autosuggestions.Website -->
