<?xml version="1.0" encoding="UTF-8"?>
<!-- Generated by org.testng.reporters.JUnitReportReporter -->
<testsuite hostname="DESKTOP-MVIO5TL" failures="0" tests="4" name="TestNGListners.Grouping_class" time="0.020" errors="0" timestamp="2023-11-03T10:01:15 IST" skipped="0">
  <testcase classname="TestNGListners.Grouping_class" name="sceanrio3" time="0.002"/>
  <testcase classname="TestNGListners.Grouping_class" name="sceanrio1" time="0.015"/>
  <testcase classname="TestNGListners.Grouping_class" name="sceanrio2" time="0.002"/>
  <testcase classname="TestNGListners.Grouping_class" name="sceanrio4" time="0.001"/>
</testsuite> <!-- TestNGListners.Grouping_class -->
