<?xml version="1.0" encoding="UTF-8"?>
<!-- Generated by org.testng.reporters.JUnitReportReporter -->
<testsuite hostname="DESKTOP-MVIO5TL" failures="0" tests="4" name="TestNGGrouping1.grouping_class" time="0.009" errors="0" timestamp="2023-11-14T22:52:31 IST" skipped="0">
  <testcase classname="TestNGGrouping1.grouping_class" name="scenario5" time="0.002"/>
  <testcase classname="TestNGGrouping1.grouping_class" name="scenario6" time="0.000"/>
  <testcase classname="TestNGGrouping1.grouping_class" name="scenario4" time="0.006"/>
  <testcase classname="TestNGGrouping1.grouping_class" name="scenario8" time="0.001"/>
</testsuite> <!-- TestNGGrouping1.grouping_class -->
