<?xml version="1.0" encoding="UTF-8"?>
<!-- Generated by org.testng.reporters.JUnitReportReporter -->
<testsuite hostname="DESKTOP-MVIO5TL" failures="0" tests="1" name="MultipleTest.TestCase3" time="9.524" errors="0" timestamp="2023-09-14T23:22:05 IST" skipped="0">
  <testcase classname="MultipleTest.TestCase3" name="Test1" time="9.524"/>
</testsuite> <!-- MultipleTest.TestCase3 -->
