<?xml version="1.0" encoding="UTF-8"?>
<!-- Generated by org.testng.reporters.JUnitReportReporter -->
<testsuite hostname="DESKTOP-MVIO5TL" failures="0" tests="1" name="DTDFramework.Launchandquit" time="34.024" errors="0" timestamp="2023-09-20T23:22:56 IST" skipped="0">
  <testcase classname="DTDFramework.Launchandquit" name="Amazon" time="34.024"/>
</testsuite> <!-- DTDFramework.Launchandquit -->
