<?xml version="1.0" encoding="UTF-8"?>
<!-- Generated by org.testng.reporters.JUnitReportReporter -->
<testsuite hostname="DESKTOP-MVIO5TL" failures="0" tests="6" name="TestNGGrouping.Grouping_class" time="0.112" errors="0" timestamp="2023-09-29T00:58:44 IST" skipped="0">
  <testcase classname="TestNGGrouping.Grouping_class" name="sceanrio10" time="0.057"/>
  <testcase classname="TestNGGrouping.Grouping_class" name="sceanrio6" time="0.017"/>
  <testcase classname="TestNGGrouping.Grouping_class" name="sceanrio9" time="0.005"/>
  <testcase classname="TestNGGrouping.Grouping_class" name="sceanrio4" time="0.010"/>
  <testcase classname="TestNGGrouping.Grouping_class" name="sceanrio5" time="0.013"/>
  <testcase classname="TestNGGrouping.Grouping_class" name="sceanrio8" time="0.010"/>
</testsuite> <!-- TestNGGrouping.Grouping_class -->
