<?xml version="1.0" encoding="UTF-8"?>
<!-- Generated by org.testng.reporters.JUnitReportReporter -->
<testsuite hostname="DESKTOP-MVIO5TL" failures="0" tests="1" name="multipletestcase2.Launchandquit" time="33.873" errors="0" timestamp="2023-09-17T23:43:04 IST" skipped="0">
  <testcase classname="multipletestcase2.Launchandquit" name="launch" time="33.873"/>
</testsuite> <!-- multipletestcase2.Launchandquit -->
