<?xml version="1.0" encoding="UTF-8"?>
<!-- Generated by org.testng.reporters.JUnitReportReporter -->
<testsuite hostname="DESKTOP-MVIO5TL" failures="0" tests="1" name="ParallelandCrossTesting.Sample" time="5.251" errors="0" timestamp="2023-11-14T23:28:19 IST" skipped="0">
  <testcase classname="ParallelandCrossTesting.Sample" name="Testcase1" time="5.251"/>
</testsuite> <!-- ParallelandCrossTesting.Sample -->
