<?xml version="1.0" encoding="UTF-8"?>
<!-- Generated by org.testng.reporters.JUnitReportReporter -->
<testsuite hostname="DESKTOP-MVIO5TL" failures="0" tests="2" name="CrossbrowesrTesting.AssignmentParallelTestingUPI" time="93.708" errors="0" timestamp="2023-10-02T20:08:18 IST" skipped="0">
  <testcase classname="CrossbrowesrTesting.AssignmentParallelTestingUPI" name="CreditCard" time="46.523"/>
  <testcase classname="CrossbrowesrTesting.AssignmentParallelTestingUPI" name="CreditCard" time="47.185"/>
</testsuite> <!-- CrossbrowesrTesting.AssignmentParallelTestingUPI -->
