<?xml version="1.0" encoding="UTF-8"?>
<!-- Generated by org.testng.reporters.JUnitReportReporter -->
<testsuite hostname="DESKTOP-MVIO5TL" failures="0" tests="1" name="seleniumbymkt2.Ticket" time="13.474" errors="0" timestamp="2023-11-07T22:58:52 IST" skipped="0">
  <testcase classname="seleniumbymkt2.Ticket" name="travel" time="13.474"/>
</testsuite> <!-- seleniumbymkt2.Ticket -->
