<?xml version="1.0" encoding="UTF-8"?>
<!-- Generated by org.testng.reporters.JUnitReportReporter -->
<testsuite hostname="DESKTOP-MVIO5TL" failures="0" tests="1" name="OldWaybrowser.Firefox" time="5.689" errors="0" timestamp="2023-10-03T00:14:05 IST" skipped="0">
  <testcase classname="OldWaybrowser.Firefox" name="login" time="5.689"/>
</testsuite> <!-- OldWaybrowser.Firefox -->
