<?xml version="1.0" encoding="UTF-8"?>
<!-- Generated by org.testng.reporters.JUnitReportReporter -->
<testsuite hostname="DESKTOP-MVIO5TL" failures="0" tests="1" name="TakeScreenShots.Japan" time="17.854" errors="0" timestamp="2023-09-15T22:56:41 IST" skipped="0">
  <testcase classname="TakeScreenShots.Japan" name="Scenario4" time="17.854"/>
</testsuite> <!-- TakeScreenShots.Japan -->
