<?xml version="1.0" encoding="UTF-8"?>
<!-- Generated by org.testng.reporters.JUnitReportReporter -->
<testsuite hostname="DESKTOP-MVIO5TL" failures="0" tests="5" name="DataProviders.TestCase_class" time="0.020" errors="0" timestamp="2023-10-16T00:57:59 IST" skipped="0">
  <testcase classname="DataProviders.TestCase_class" name="test1" time="0.010"/>
  <testcase classname="DataProviders.TestCase_class" name="test1" time="0.006"/>
  <testcase classname="DataProviders.TestCase_class" name="test1" time="0.002"/>
  <testcase classname="DataProviders.TestCase_class" name="test1" time="0.001"/>
  <testcase classname="DataProviders.TestCase_class" name="test1" time="0.001"/>
</testsuite> <!-- DataProviders.TestCase_class -->
