<?xml version="1.0" encoding="UTF-8"?>
<!-- Generated by org.testng.reporters.JUnitReportReporter -->
<testsuite hostname="DESKTOP-MVIO5TL" failures="0" tests="1" name="ImplicitExplicitwait.Amazon" time="22.565" errors="0" timestamp="2023-11-08T22:55:33 IST" skipped="0">
  <testcase classname="ImplicitExplicitwait.Amazon" name="sc1" time="22.565"/>
</testsuite> <!-- ImplicitExplicitwait.Amazon -->
