<?xml version="1.0" encoding="UTF-8"?>
<!-- Generated by org.testng.reporters.JUnitReportReporter -->
<testsuite hostname="DESKTOP-MVIO5TL" failures="0" tests="1" name="TestNG.Math_Class1" time="0.035" errors="0" timestamp="2023-09-18T00:57:22 IST" skipped="0">
  <testcase classname="TestNG.Math_Class1" name="calculation" time="0.035"/>
</testsuite> <!-- TestNG.Math_Class1 -->
