<?xml version="1.0" encoding="UTF-8"?>
<!-- Generated by org.testng.reporters.JUnitReportReporter -->
<testsuite hostname="DESKTOP-MVIO5TL" failures="0" tests="1" name="DTDFramework.DobleClickmob" time="8.467" errors="0" timestamp="2023-09-21T00:49:23 IST" skipped="0">
  <testcase classname="DTDFramework.DobleClickmob" name="click" time="8.467"/>
</testsuite> <!-- DTDFramework.DobleClickmob -->
