<?xml version="1.0" encoding="UTF-8"?>
<!-- Generated by org.testng.reporters.JUnitReportReporter -->
<testsuite hostname="DESKTOP-MVIO5TL" failures="0" tests="3" name="TestNGPriority.EnablednLogic" time="0.011" errors="0" timestamp="2023-09-17T16:23:02 IST" skipped="1">
  <testcase classname="TestNGPriority.EnablednLogic" name="scenario3" time="0.002"/>
  <testcase classname="TestNGPriority.EnablednLogic" name="scenario2" time="0.009"/>
  <testcase classname="TestNGPriority.EnablednLogic" name="scenario1">
    <skipped/>
  </testcase> <!-- scenario1 -->
</testsuite> <!-- TestNGPriority.EnablednLogic -->
