<?xml version="1.0" encoding="UTF-8"?>
<!-- Generated by org.testng.reporters.JUnitReportReporter -->
<testsuite hostname="DESKTOP-MVIO5TL" failures="0" tests="1" name="Selenium.FirstTestNG" time="0.008" errors="0" timestamp="2023-10-18T22:24:01 IST" skipped="0">
  <testcase classname="Selenium.FirstTestNG" name="scenario1" time="0.008"/>
  <system-out>
    <![CDATA[First program]]>
  </system-out>
</testsuite> <!-- Selenium.FirstTestNG -->
