<?xml version="1.0" encoding="UTF-8"?>
<!-- Generated by org.testng.reporters.JUnitReportReporter -->
<testsuite hostname="DESKTOP-MVIO5TL" failures="0" tests="1" name="Selenium.GroTechminds.FirstTestNG" time="0.030" errors="0" timestamp="2023-10-18T22:15:06 IST" skipped="0">
  <testcase classname="Selenium.GroTechminds.FirstTestNG" name="scenario1" time="0.030"/>
  <system-out>
    <![CDATA[First program]]>
  </system-out>
</testsuite> <!-- Selenium.GroTechminds.FirstTestNG -->
